TN:
SF:databaseFunctions.js
FN:17,getSectors
FN:22,getInvestmentOfferings
FN:27,getOpportunityTypes
FN:32,getProductTypes
FN:40,getAllApprovedOpportunities
FN:49,getOpportunityByID
FN:60,getAllApprovedPastProjects
FN:69,getPastProjectByID
FN:81,getMembersByListingID
FN:92,getAllApprovedAvailableTechnologies
FN:101,getAvailableTechnologiesByID
FN:113,insertListing
FN:118,insertPastProject
FN:123,insertMember
FN:128,insertLinkedin
FN:133,insertAvailableTechology
FN:138,insertOpportunity
FN:143,insertImage
FN:148,insertVideo
FN:153,insertPitchdeck
FN:160,updateListingApprovalByID
FN:166,deleteListingByID
FN:171,getListingApprovalByID
FN:176,getAllAvailableTechnologies
FN:183,getAllPastProjects
FN:190,getAllOpportunities
FNF:26
FNH:0
FNDA:0,getSectors
FNDA:0,getInvestmentOfferings
FNDA:0,getOpportunityTypes
FNDA:0,getProductTypes
FNDA:0,getAllApprovedOpportunities
FNDA:0,getOpportunityByID
FNDA:0,getAllApprovedPastProjects
FNDA:0,getPastProjectByID
FNDA:0,getMembersByListingID
FNDA:0,getAllApprovedAvailableTechnologies
FNDA:0,getAvailableTechnologiesByID
FNDA:0,insertListing
FNDA:0,insertPastProject
FNDA:0,insertMember
FNDA:0,insertLinkedin
FNDA:0,insertAvailableTechology
FNDA:0,insertOpportunity
FNDA:0,insertImage
FNDA:0,insertVideo
FNDA:0,insertPitchdeck
FNDA:0,updateListingApprovalByID
FNDA:0,deleteListingByID
FNDA:0,getListingApprovalByID
FNDA:0,getAllAvailableTechnologies
FNDA:0,getAllPastProjects
FNDA:0,getAllOpportunities
DA:4,0
DA:6,0
DA:18,0
DA:19,0
DA:23,0
DA:24,0
DA:28,0
DA:29,0
DA:33,0
DA:34,0
DA:41,0
DA:45,0
DA:50,0
DA:54,0
DA:61,0
DA:65,0
DA:70,0
DA:75,0
DA:82,0
DA:86,0
DA:93,0
DA:97,0
DA:102,0
DA:108,0
DA:114,0
DA:119,0
DA:124,0
DA:129,0
DA:134,0
DA:139,0
DA:144,0
DA:149,0
DA:154,0
DA:161,0
DA:167,0
DA:172,0
DA:177,0
DA:180,0
DA:184,0
DA:187,0
DA:191,0
DA:194,0
LF:42
LH:0
BRF:0
BRH:0
end_of_record
